08-07-2020-05:59 /mnt/ntfs_1/movies/Abigail (2019) [BluRay] [1080p] [YTS.LT]
08-07-2020-05:59 /mnt/ntfs_1/movies/Abominable (2019) [WEBRip] [1080p] [YTS.LT]
08-07-2020-06:06 /mnt/ntfs_1/movies/Acceleration (2019) [BluRay] [1080p] [YTS.LT] moved to /mnt/ntfs_2/movies
08-07-2020-06:07 /mnt/ntfs_1/movies/Ad Astra (2019) [BluRay] [1080p] [YTS.LT] moved to /mnt/ntfs_2/movies
08-07-2020-06:10 /mnt/ntfs_1/movies/Ad Astra (2019) [WEBRip] [1080p] [YTS.LT] moved to /mnt/ntfs_2/movies
08-07-2020-06:11 /mnt/ntfs_1/movies/Alien Domicile 2 Lot 24 (2018) [BluRay] [1080p] [YTS.LT] moved to /mnt/ntfs_2/movies
08-07-2020-06:11 /mnt/ntfs_1/movies/Call of Heroes (2016) [BluRay] [1080p] [YTS.LT].torrent moved to /mnt/ntfs_2/movies
08-07-2020-06:11 /mnt/ntfs_1/movies/downloading moved to /mnt/ntfs_2/movies
08-07-2020-06:11 /mnt/ntfs_1/movies/filesize moved to /mnt/ntfs_2/movies
08-07-2020-06:11 /mnt/ntfs_1/movies/movie_list.txt moved to /mnt/ntfs_2/movies
08-07-2020-06:11 /mnt/ntfs_1/movies/The Scorpion King Book Of Souls (2018) [WEBRip] [720p] [YTS.AM] moved to /mnt/ntfs_2/movies
08-07-2020-06:12 /mnt/ntfs_1/movies/The Shasta Triangle (2019) [WEBRip] [1080p] [YTS.LT] moved to /mnt/ntfs_2/movies
08-07-2020-06:12 /mnt/ntfs_1/movies/The Steam Engines Of Oz (2018) [BluRay] [1080p] [YTS.AM] moved to /mnt/ntfs_2/movies
08-07-2020-06:12 /mnt/ntfs_1/movies/The Student And Mister Henri (2015) [BluRay] [1080p] [YTS.AM] moved to /mnt/ntfs_2/movies
08-07-2020-06:15 /mnt/ntfs_1/movies/The Upside (2017) [WEBRip] [1080p] [YTS.AM] moved to /mnt/ntfs_2/movies
08-07-2020-06:17 /mnt/ntfs_1/movies/The Wheel (2019) [WEBRip] [1080p] [YTS.LT] moved to /mnt/ntfs_2/movies
08-07-2020-06:19 /mnt/ntfs_1/movies/They Found Hell (2015) [WEBRip] [1080p] [YTS.LT] moved to /mnt/ntfs_2/movies
08-07-2020-06:19 /mnt/ntfs_1/movies/Thunder Road (2018) [WEBRip] [1080p] [YTS.AM] moved to /mnt/ntfs_2/movies
08-07-2020-06:19 /mnt/ntfs_1/movies/Time Freak (2018) [WEBRip] [1080p] [YTS.AM] moved to /mnt/ntfs_2/movies
08-07-2020-06:19 /mnt/ntfs_1/movies/Tone-Deaf (2019) [WEBRip] [1080p] [YTS.LT] moved to /mnt/ntfs_2/movies
08-07-2020-06:19 /mnt/ntfs_1/movies/Toy Story 4 (2019) [BluRay] [1080p] [YTS.LT] moved to /mnt/ntfs_2/movies
08-07-2020-06:20 /mnt/ntfs_1/movies/Trading Paint (2019) [WEBRip] [1080p] [YTS.AM] moved to /mnt/ntfs_2/movies
08-07-2020-06:21 /mnt/ntfs_1/movies/Triple Frontier (2019) [WEBRip] [1080p] [YTS.AM] moved to /mnt/ntfs_2/movies
08-07-2020-06:21 /mnt/ntfs_1/movies/Trolled (2018) [WEBRip] [1080p] [YTS.AM] moved to /mnt/ntfs_2/movies
